PROCESSES: 1 TIME: 1507.0
PROCESSES: 1 TIME: 1512.0
PROCESSES: 1 TIME: 1501.0
PROCESSES: 2 TIME: 891.0
PROCESSES: 2 TIME: 870.0
PROCESSES: 2 TIME: 876.0
PROCESSES: 3 TIME: 631.0
PROCESSES: 3 TIME: 643.0
PROCESSES: 3 TIME: 614.0
PROCESSES: 4 TIME: 550.0
PROCESSES: 4 TIME: 549.0
PROCESSES: 4 TIME: 567.0
PROCESSES: 5 TIME: 481.0
PROCESSES: 5 TIME: 494.0
PROCESSES: 5 TIME: 478.0
PROCESSES: 7 TIME: 421.0
PROCESSES: 7 TIME: 463.0
PROCESSES: 7 TIME: 411.0
PROCESSES: 10 TIME: 550.0
PROCESSES: 10 TIME: 551.0
PROCESSES: 10 TIME: 578.0