PROCESSES: 1 TIME: 1497.0
PROCESSES: 1 TIME: 1461.0
PROCESSES: 1 TIME: 1487.0
PROCESSES: 2 TIME: 789.0
PROCESSES: 2 TIME: 798.0
PROCESSES: 2 TIME: 801.0
PROCESSES: 3 TIME: 611.0
PROCESSES: 3 TIME: 581.0
PROCESSES: 3 TIME: 599.0
PROCESSES: 4 TIME: 530.0
PROCESSES: 4 TIME: 538.0
PROCESSES: 4 TIME: 534.0
PROCESSES: 5 TIME: 461.0
PROCESSES: 5 TIME: 472.0
PROCESSES: 5 TIME: 489.0
PROCESSES: 7 TIME: 403.0
PROCESSES: 7 TIME: 411.0
PROCESSES: 7 TIME: 408.0
PROCESSES: 10 TIME: 559.0
PROCESSES: 10 TIME: 551.0
PROCESSES: 10 TIME: 543.0